<?xml version="1.0" encoding="UTF-8"?>
<!-- Generated by org.testng.reporters.JUnitReportReporter -->
<testsuite hostname="DESKTOP-K5IIQB6" failures="0" tests="1" name="appiumTest.appium" time="16.129" errors="0" timestamp="2023-04-16T06:14:46 EET" skipped="0">
  <testcase classname="appiumTest.appium" name="clickAllDigits" time="16.129"/>
  <system-out/>
</testsuite> <!-- appiumTest.appium -->
