<?xml version="1.0" encoding="UTF-8"?>
<!-- Generated by org.testng.reporters.JUnitReportReporter -->
<testsuite hostname="DESKTOP-K5IIQB6" failures="0" tests="1" name="appiumTest.googleSearch" time="22.345" errors="0" timestamp="2023-04-10T08:07:16 EET" skipped="0">
  <testcase classname="appiumTest.googleSearch" name="googleSearchTest" time="22.345"/>
  <system-out/>
</testsuite> <!-- appiumTest.googleSearch -->
